19/04/26 12:42:07 WARN NativeCodeLoader: Unable to load native-hadoop library for your platform... using builtin-java classes where applicable
19/04/26 12:42:10 INFO SparkContext: Running Spark version 2.4.0
19/04/26 12:42:10 INFO SparkContext: Submitted application: sparklyr
19/04/26 12:42:10 INFO SecurityManager: Changing view acls to: samuel
19/04/26 12:42:10 INFO SecurityManager: Changing modify acls to: samuel
19/04/26 12:42:10 INFO SecurityManager: Changing view acls groups to: 
19/04/26 12:42:10 INFO SecurityManager: Changing modify acls groups to: 
19/04/26 12:42:10 INFO SecurityManager: SecurityManager: authentication disabled; ui acls disabled; users  with view permissions: Set(samuel); groups with view permissions: Set(); users  with modify permissions: Set(samuel); groups with modify permissions: Set()
19/04/26 12:42:10 INFO Utils: Successfully started service 'sparkDriver' on port 36549.
19/04/26 12:42:11 INFO SparkEnv: Registering MapOutputTracker
19/04/26 12:42:11 INFO SparkEnv: Registering BlockManagerMaster
19/04/26 12:42:11 INFO BlockManagerMasterEndpoint: Using org.apache.spark.storage.DefaultTopologyMapper for getting topology information
19/04/26 12:42:11 INFO BlockManagerMasterEndpoint: BlockManagerMasterEndpoint up
19/04/26 12:42:11 INFO DiskBlockManager: Created local directory at /tmp/blockmgr-be19d00c-85c6-4381-9d14-cd467c7cd686
19/04/26 12:42:11 INFO MemoryStore: MemoryStore started with capacity 912.3 MB
19/04/26 12:42:11 INFO SparkEnv: Registering OutputCommitCoordinator
19/04/26 12:42:11 INFO Utils: Successfully started service 'SparkUI' on port 4040.
19/04/26 12:42:12 INFO SparkUI: Bound SparkUI to 127.0.0.1, and started at http://localhost:4040
19/04/26 12:42:12 INFO SparkContext: Added JAR file:/home/samuel/R/x86_64-pc-linux-gnu-library/3.5/sparklyr/java/sparklyr-2.3-2.11.jar at spark://localhost:36549/jars/sparklyr-2.3-2.11.jar with timestamp 1556293332021
19/04/26 12:42:12 INFO Executor: Starting executor ID driver on host localhost
19/04/26 12:42:12 INFO Utils: Successfully started service 'org.apache.spark.network.netty.NettyBlockTransferService' on port 40179.
19/04/26 12:42:12 INFO NettyBlockTransferService: Server created on localhost:40179
19/04/26 12:42:12 INFO BlockManager: Using org.apache.spark.storage.RandomBlockReplicationPolicy for block replication policy
19/04/26 12:42:12 INFO BlockManagerMaster: Registering BlockManager BlockManagerId(driver, localhost, 40179, None)
19/04/26 12:42:12 INFO BlockManagerMasterEndpoint: Registering block manager localhost:40179 with 912.3 MB RAM, BlockManagerId(driver, localhost, 40179, None)
19/04/26 12:42:12 INFO BlockManagerMaster: Registered BlockManager BlockManagerId(driver, localhost, 40179, None)
19/04/26 12:42:12 INFO BlockManager: Initialized BlockManager: BlockManagerId(driver, localhost, 40179, None)
19/04/26 12:42:19 INFO SharedState: loading hive config file: file:/home/samuel/spark/spark-2.4.0-bin-hadoop2.7/conf/hive-site.xml
19/04/26 12:42:19 INFO SharedState: Setting hive.metastore.warehouse.dir ('null') to the value of spark.sql.warehouse.dir ('file:/home/samuel/Pesquisa/hail.comparison/spark-warehouse').
19/04/26 12:42:19 INFO SharedState: Warehouse path is 'file:/home/samuel/Pesquisa/hail.comparison/spark-warehouse'.
19/04/26 12:42:22 INFO StateStoreCoordinatorRef: Registered StateStoreCoordinator endpoint
19/04/26 12:42:26 INFO HiveUtils: Initializing HiveMetastoreConnection version 1.2.1 using Spark classes.
19/04/26 12:42:28 INFO HiveMetaStore: 0: Opening raw store with implemenation class:org.apache.hadoop.hive.metastore.ObjectStore
19/04/26 12:42:28 INFO ObjectStore: ObjectStore, initialize called
19/04/26 12:42:28 INFO Persistence: Property hive.metastore.integral.jdo.pushdown unknown - will be ignored
19/04/26 12:42:28 INFO Persistence: Property datanucleus.cache.level2 unknown - will be ignored
19/04/26 12:42:30 INFO ObjectStore: Setting MetaStore object pin classes with hive.metastore.cache.pinobjtypes="Table,StorageDescriptor,SerDeInfo,Partition,Database,Type,FieldSchema,Order"
19/04/26 12:42:31 INFO Datastore: The class "org.apache.hadoop.hive.metastore.model.MFieldSchema" is tagged as "embedded-only" so does not have its own datastore table.
19/04/26 12:42:31 INFO Datastore: The class "org.apache.hadoop.hive.metastore.model.MOrder" is tagged as "embedded-only" so does not have its own datastore table.
19/04/26 12:42:32 INFO Datastore: The class "org.apache.hadoop.hive.metastore.model.MFieldSchema" is tagged as "embedded-only" so does not have its own datastore table.
19/04/26 12:42:32 INFO Datastore: The class "org.apache.hadoop.hive.metastore.model.MOrder" is tagged as "embedded-only" so does not have its own datastore table.
19/04/26 12:42:32 INFO MetaStoreDirectSql: Using direct SQL, underlying DB is DERBY
19/04/26 12:42:32 INFO ObjectStore: Initialized ObjectStore
19/04/26 12:42:32 WARN ObjectStore: Version information not found in metastore. hive.metastore.schema.verification is not enabled so recording the schema version 1.2.0
19/04/26 12:42:32 WARN ObjectStore: Failed to get database default, returning NoSuchObjectException
19/04/26 12:42:33 INFO HiveMetaStore: Added admin role in metastore
19/04/26 12:42:33 INFO HiveMetaStore: Added public role in metastore
19/04/26 12:42:33 INFO HiveMetaStore: No user is added in admin role, since config is empty
19/04/26 12:42:33 INFO HiveMetaStore: 0: get_all_databases
19/04/26 12:42:33 INFO audit: ugi=samuel	ip=unknown-ip-addr	cmd=get_all_databases	
19/04/26 12:42:33 INFO HiveMetaStore: 0: get_functions: db=default pat=*
19/04/26 12:42:33 INFO audit: ugi=samuel	ip=unknown-ip-addr	cmd=get_functions: db=default pat=*	
19/04/26 12:42:33 INFO Datastore: The class "org.apache.hadoop.hive.metastore.model.MResourceUri" is tagged as "embedded-only" so does not have its own datastore table.
19/04/26 12:42:33 INFO SessionState: Created HDFS directory: /tmp/hive/samuel
19/04/26 12:42:33 INFO SessionState: Created local directory: /tmp/samuel
19/04/26 12:42:33 INFO SessionState: Created local directory: /tmp/2a38f2f8-67bc-43a7-a2ba-c4bb78330265_resources
19/04/26 12:42:33 INFO SessionState: Created HDFS directory: /tmp/hive/samuel/2a38f2f8-67bc-43a7-a2ba-c4bb78330265
19/04/26 12:42:33 INFO SessionState: Created local directory: /tmp/samuel/2a38f2f8-67bc-43a7-a2ba-c4bb78330265
19/04/26 12:42:33 INFO SessionState: Created HDFS directory: /tmp/hive/samuel/2a38f2f8-67bc-43a7-a2ba-c4bb78330265/_tmp_space.db
19/04/26 12:42:33 INFO HiveClientImpl: Warehouse location for Hive client (version 1.2.2) is file:/home/samuel/Pesquisa/hail.comparison/spark-warehouse
19/04/26 12:42:33 INFO HiveMetaStore: 0: get_database: default
19/04/26 12:42:33 INFO audit: ugi=samuel	ip=unknown-ip-addr	cmd=get_database: default	
19/04/26 12:42:33 INFO HiveMetaStore: 0: get_database: global_temp
19/04/26 12:42:33 INFO audit: ugi=samuel	ip=unknown-ip-addr	cmd=get_database: global_temp	
19/04/26 12:42:33 WARN ObjectStore: Failed to get database global_temp, returning NoSuchObjectException
19/04/26 12:42:33 INFO HiveMetaStore: 0: get_database: default
19/04/26 12:42:33 INFO audit: ugi=samuel	ip=unknown-ip-addr	cmd=get_database: default	
19/04/26 12:42:33 INFO HiveMetaStore: 0: get_database: default
19/04/26 12:42:33 INFO audit: ugi=samuel	ip=unknown-ip-addr	cmd=get_database: default	
19/04/26 12:42:33 INFO HiveMetaStore: 0: get_tables: db=default pat=*
19/04/26 12:42:33 INFO audit: ugi=samuel	ip=unknown-ip-addr	cmd=get_tables: db=default pat=*	
19/04/26 12:42:34 INFO CodeGenerator: Code generated in 217.833534 ms
19/04/26 12:48:15 INFO SparkContext: Invoking stop() from shutdown hook
19/04/26 12:48:15 INFO SparkUI: Stopped Spark web UI at http://localhost:4040
19/04/26 12:48:15 INFO MapOutputTrackerMasterEndpoint: MapOutputTrackerMasterEndpoint stopped!
19/04/26 12:48:15 INFO MemoryStore: MemoryStore cleared
19/04/26 12:48:15 INFO BlockManager: BlockManager stopped
19/04/26 12:48:15 INFO BlockManagerMaster: BlockManagerMaster stopped
19/04/26 12:48:15 INFO OutputCommitCoordinator$OutputCommitCoordinatorEndpoint: OutputCommitCoordinator stopped!
19/04/26 12:48:15 INFO SparkContext: Successfully stopped SparkContext
19/04/26 12:48:15 INFO ShutdownHookManager: Shutdown hook called
19/04/26 12:48:15 INFO ShutdownHookManager: Deleting directory /tmp/spark-371fe13a-a760-453d-a9bc-74e6dd040a50
19/04/26 12:48:15 INFO ShutdownHookManager: Deleting directory /tmp/spark-8a131b54-ff63-4373-8f0e-90b06a2e1235
19/04/26 12:48:33 WARN NativeCodeLoader: Unable to load native-hadoop library for your platform... using builtin-java classes where applicable
19/04/26 12:48:35 INFO SparkContext: Running Spark version 2.4.0
19/04/26 12:48:35 INFO SparkContext: Submitted application: sparklyr
19/04/26 12:48:35 INFO SecurityManager: Changing view acls to: samuel
19/04/26 12:48:35 INFO SecurityManager: Changing modify acls to: samuel
19/04/26 12:48:35 INFO SecurityManager: Changing view acls groups to: 
19/04/26 12:48:35 INFO SecurityManager: Changing modify acls groups to: 
19/04/26 12:48:35 INFO SecurityManager: SecurityManager: authentication disabled; ui acls disabled; users  with view permissions: Set(samuel); groups with view permissions: Set(); users  with modify permissions: Set(samuel); groups with modify permissions: Set()
19/04/26 12:48:36 INFO Utils: Successfully started service 'sparkDriver' on port 39937.
19/04/26 12:48:36 INFO SparkEnv: Registering MapOutputTracker
19/04/26 12:48:36 INFO SparkEnv: Registering BlockManagerMaster
19/04/26 12:48:36 INFO BlockManagerMasterEndpoint: Using org.apache.spark.storage.DefaultTopologyMapper for getting topology information
19/04/26 12:48:36 INFO BlockManagerMasterEndpoint: BlockManagerMasterEndpoint up
19/04/26 12:48:36 INFO DiskBlockManager: Created local directory at /tmp/blockmgr-4b85d66c-590e-4e9a-a29b-0b3cc5330cbc
19/04/26 12:48:36 INFO MemoryStore: MemoryStore started with capacity 912.3 MB
19/04/26 12:48:36 INFO SparkEnv: Registering OutputCommitCoordinator
19/04/26 12:48:36 INFO Utils: Successfully started service 'SparkUI' on port 4040.
19/04/26 12:48:36 INFO SparkUI: Bound SparkUI to 127.0.0.1, and started at http://localhost:4040
19/04/26 12:48:36 INFO SparkContext: Added JAR file:///home/samuel/R/x86_64-pc-linux-gnu-library/3.5/hail.comparison/java/hail.comparison-2.4-2.11.jar at spark://localhost:39937/jars/hail.comparison-2.4-2.11.jar with timestamp 1556293716479
19/04/26 12:48:36 INFO SparkContext: Added JAR file:///home/samuel/R/x86_64-pc-linux-gnu-library/3.5/hail.comparison/java/variant-spark_2.11-0.2.0-a1.jar at spark://localhost:39937/jars/variant-spark_2.11-0.2.0-a1.jar with timestamp 1556293716480
19/04/26 12:48:36 INFO SparkContext: Added JAR file:/home/samuel/R/x86_64-pc-linux-gnu-library/3.5/sparklyr/java/sparklyr-2.3-2.11.jar at spark://localhost:39937/jars/sparklyr-2.3-2.11.jar with timestamp 1556293716481
19/04/26 12:48:36 INFO Executor: Starting executor ID driver on host localhost
19/04/26 12:48:36 INFO Utils: Successfully started service 'org.apache.spark.network.netty.NettyBlockTransferService' on port 35331.
19/04/26 12:48:36 INFO NettyBlockTransferService: Server created on localhost:35331
19/04/26 12:48:36 INFO BlockManager: Using org.apache.spark.storage.RandomBlockReplicationPolicy for block replication policy
19/04/26 12:48:36 INFO BlockManagerMaster: Registering BlockManager BlockManagerId(driver, localhost, 35331, None)
19/04/26 12:48:36 INFO BlockManagerMasterEndpoint: Registering block manager localhost:35331 with 912.3 MB RAM, BlockManagerId(driver, localhost, 35331, None)
19/04/26 12:48:36 INFO BlockManagerMaster: Registered BlockManager BlockManagerId(driver, localhost, 35331, None)
19/04/26 12:48:36 INFO BlockManager: Initialized BlockManager: BlockManagerId(driver, localhost, 35331, None)
19/04/26 12:48:40 INFO SharedState: loading hive config file: file:/home/samuel/spark/spark-2.4.0-bin-hadoop2.7/conf/hive-site.xml
19/04/26 12:48:40 INFO SharedState: Setting hive.metastore.warehouse.dir ('null') to the value of spark.sql.warehouse.dir ('file:/home/samuel/Pesquisa/hail.comparison/spark-warehouse').
19/04/26 12:48:40 INFO SharedState: Warehouse path is 'file:/home/samuel/Pesquisa/hail.comparison/spark-warehouse'.
19/04/26 12:48:41 INFO StateStoreCoordinatorRef: Registered StateStoreCoordinator endpoint
19/04/26 12:48:42 INFO HiveUtils: Initializing HiveMetastoreConnection version 1.2.1 using Spark classes.
19/04/26 12:48:43 INFO HiveMetaStore: 0: Opening raw store with implemenation class:org.apache.hadoop.hive.metastore.ObjectStore
19/04/26 12:48:43 INFO ObjectStore: ObjectStore, initialize called
19/04/26 12:48:43 INFO Persistence: Property hive.metastore.integral.jdo.pushdown unknown - will be ignored
19/04/26 12:48:43 INFO Persistence: Property datanucleus.cache.level2 unknown - will be ignored
19/04/26 12:48:45 INFO ObjectStore: Setting MetaStore object pin classes with hive.metastore.cache.pinobjtypes="Table,StorageDescriptor,SerDeInfo,Partition,Database,Type,FieldSchema,Order"
19/04/26 12:48:46 INFO Datastore: The class "org.apache.hadoop.hive.metastore.model.MFieldSchema" is tagged as "embedded-only" so does not have its own datastore table.
19/04/26 12:48:46 INFO Datastore: The class "org.apache.hadoop.hive.metastore.model.MOrder" is tagged as "embedded-only" so does not have its own datastore table.
19/04/26 12:48:46 INFO Datastore: The class "org.apache.hadoop.hive.metastore.model.MFieldSchema" is tagged as "embedded-only" so does not have its own datastore table.
19/04/26 12:48:46 INFO Datastore: The class "org.apache.hadoop.hive.metastore.model.MOrder" is tagged as "embedded-only" so does not have its own datastore table.
19/04/26 12:48:47 INFO MetaStoreDirectSql: Using direct SQL, underlying DB is DERBY
19/04/26 12:48:47 INFO ObjectStore: Initialized ObjectStore
19/04/26 12:48:47 WARN ObjectStore: Version information not found in metastore. hive.metastore.schema.verification is not enabled so recording the schema version 1.2.0
19/04/26 12:48:47 WARN ObjectStore: Failed to get database default, returning NoSuchObjectException
19/04/26 12:48:47 INFO HiveMetaStore: Added admin role in metastore
19/04/26 12:48:47 INFO HiveMetaStore: Added public role in metastore
19/04/26 12:48:47 INFO HiveMetaStore: No user is added in admin role, since config is empty
19/04/26 12:48:47 INFO HiveMetaStore: 0: get_all_databases
19/04/26 12:48:47 INFO audit: ugi=samuel	ip=unknown-ip-addr	cmd=get_all_databases	
19/04/26 12:48:47 INFO HiveMetaStore: 0: get_functions: db=default pat=*
19/04/26 12:48:47 INFO audit: ugi=samuel	ip=unknown-ip-addr	cmd=get_functions: db=default pat=*	
19/04/26 12:48:47 INFO Datastore: The class "org.apache.hadoop.hive.metastore.model.MResourceUri" is tagged as "embedded-only" so does not have its own datastore table.
19/04/26 12:48:47 INFO SessionState: Created local directory: /tmp/66ce477e-9bb4-4aa0-b850-3afd5a91fa13_resources
19/04/26 12:48:47 INFO SessionState: Created HDFS directory: /tmp/hive/samuel/66ce477e-9bb4-4aa0-b850-3afd5a91fa13
19/04/26 12:48:47 INFO SessionState: Created local directory: /tmp/samuel/66ce477e-9bb4-4aa0-b850-3afd5a91fa13
19/04/26 12:48:47 INFO SessionState: Created HDFS directory: /tmp/hive/samuel/66ce477e-9bb4-4aa0-b850-3afd5a91fa13/_tmp_space.db
19/04/26 12:48:47 INFO HiveClientImpl: Warehouse location for Hive client (version 1.2.2) is file:/home/samuel/Pesquisa/hail.comparison/spark-warehouse
19/04/26 12:48:47 INFO HiveMetaStore: 0: get_database: default
19/04/26 12:48:47 INFO audit: ugi=samuel	ip=unknown-ip-addr	cmd=get_database: default	
19/04/26 12:48:47 INFO HiveMetaStore: 0: get_database: global_temp
19/04/26 12:48:47 INFO audit: ugi=samuel	ip=unknown-ip-addr	cmd=get_database: global_temp	
19/04/26 12:48:47 WARN ObjectStore: Failed to get database global_temp, returning NoSuchObjectException
19/04/26 12:48:47 INFO HiveMetaStore: 0: get_database: default
19/04/26 12:48:47 INFO audit: ugi=samuel	ip=unknown-ip-addr	cmd=get_database: default	
19/04/26 12:48:47 INFO HiveMetaStore: 0: get_database: default
19/04/26 12:48:47 INFO audit: ugi=samuel	ip=unknown-ip-addr	cmd=get_database: default	
19/04/26 12:48:47 INFO HiveMetaStore: 0: get_tables: db=default pat=*
19/04/26 12:48:47 INFO audit: ugi=samuel	ip=unknown-ip-addr	cmd=get_tables: db=default pat=*	
19/04/26 12:48:48 INFO CodeGenerator: Code generated in 181.064941 ms
19/04/26 13:01:17 INFO SparkContext: Invoking stop() from shutdown hook
19/04/26 13:01:17 INFO SparkUI: Stopped Spark web UI at http://localhost:4040
19/04/26 13:01:17 INFO MapOutputTrackerMasterEndpoint: MapOutputTrackerMasterEndpoint stopped!
19/04/26 13:01:17 INFO MemoryStore: MemoryStore cleared
19/04/26 13:01:17 INFO BlockManager: BlockManager stopped
19/04/26 13:01:17 INFO BlockManagerMaster: BlockManagerMaster stopped
19/04/26 13:01:17 INFO OutputCommitCoordinator$OutputCommitCoordinatorEndpoint: OutputCommitCoordinator stopped!
19/04/26 13:01:17 INFO SparkContext: Successfully stopped SparkContext
19/04/26 13:01:17 INFO ShutdownHookManager: Shutdown hook called
19/04/26 13:01:17 INFO ShutdownHookManager: Deleting directory /tmp/spark-9cc65ff2-57f2-4a32-b761-ff4fead57eb7
19/04/26 13:01:17 INFO ShutdownHookManager: Deleting directory /tmp/spark-14263503-f968-46c5-9300-8d0575e35fcb
19/04/26 13:03:00 WARN NativeCodeLoader: Unable to load native-hadoop library for your platform... using builtin-java classes where applicable
19/04/26 13:03:02 INFO SparkContext: Running Spark version 2.4.0
19/04/26 13:03:02 INFO SparkContext: Submitted application: sparklyr
19/04/26 13:03:02 INFO SecurityManager: Changing view acls to: samuel
19/04/26 13:03:02 INFO SecurityManager: Changing modify acls to: samuel
19/04/26 13:03:02 INFO SecurityManager: Changing view acls groups to: 
19/04/26 13:03:02 INFO SecurityManager: Changing modify acls groups to: 
19/04/26 13:03:02 INFO SecurityManager: SecurityManager: authentication disabled; ui acls disabled; users  with view permissions: Set(samuel); groups with view permissions: Set(); users  with modify permissions: Set(samuel); groups with modify permissions: Set()
19/04/26 13:03:02 INFO Utils: Successfully started service 'sparkDriver' on port 42713.
19/04/26 13:03:02 INFO SparkEnv: Registering MapOutputTracker
19/04/26 13:03:02 INFO SparkEnv: Registering BlockManagerMaster
19/04/26 13:03:02 INFO BlockManagerMasterEndpoint: Using org.apache.spark.storage.DefaultTopologyMapper for getting topology information
19/04/26 13:03:02 INFO BlockManagerMasterEndpoint: BlockManagerMasterEndpoint up
19/04/26 13:03:02 INFO DiskBlockManager: Created local directory at /tmp/blockmgr-a6539d33-d7a6-41aa-95ef-ad83f563ea3c
19/04/26 13:03:02 INFO MemoryStore: MemoryStore started with capacity 912.3 MB
19/04/26 13:03:02 INFO SparkEnv: Registering OutputCommitCoordinator
19/04/26 13:03:03 INFO Utils: Successfully started service 'SparkUI' on port 4040.
19/04/26 13:03:03 INFO SparkUI: Bound SparkUI to 127.0.0.1, and started at http://localhost:4040
19/04/26 13:03:03 INFO SparkContext: Added JAR file:///home/samuel/R/x86_64-pc-linux-gnu-library/3.5/hail.comparison/java/hail.comparison-2.4-2.11.jar at spark://localhost:42713/jars/hail.comparison-2.4-2.11.jar with timestamp 1556294583292
19/04/26 13:03:03 INFO SparkContext: Added JAR file:///home/samuel/R/x86_64-pc-linux-gnu-library/3.5/hail.comparison/java/variant-spark_2.11-0.2.0-a1.jar at spark://localhost:42713/jars/variant-spark_2.11-0.2.0-a1.jar with timestamp 1556294583293
19/04/26 13:03:03 INFO SparkContext: Added JAR file:///home/samuel/R/x86_64-pc-linux-gnu-library/3.5/hail.comparison/java/scala-csv_2.11-1.2.2.jar at spark://localhost:42713/jars/scala-csv_2.11-1.2.2.jar with timestamp 1556294583293
19/04/26 13:03:03 INFO SparkContext: Added JAR file:/home/samuel/R/x86_64-pc-linux-gnu-library/3.5/sparklyr/java/sparklyr-2.3-2.11.jar at spark://localhost:42713/jars/sparklyr-2.3-2.11.jar with timestamp 1556294583293
19/04/26 13:03:03 INFO Executor: Starting executor ID driver on host localhost
19/04/26 13:03:03 INFO Utils: Successfully started service 'org.apache.spark.network.netty.NettyBlockTransferService' on port 40423.
19/04/26 13:03:03 INFO NettyBlockTransferService: Server created on localhost:40423
19/04/26 13:03:03 INFO BlockManager: Using org.apache.spark.storage.RandomBlockReplicationPolicy for block replication policy
19/04/26 13:03:03 INFO BlockManagerMaster: Registering BlockManager BlockManagerId(driver, localhost, 40423, None)
19/04/26 13:03:03 INFO BlockManagerMasterEndpoint: Registering block manager localhost:40423 with 912.3 MB RAM, BlockManagerId(driver, localhost, 40423, None)
19/04/26 13:03:03 INFO BlockManagerMaster: Registered BlockManager BlockManagerId(driver, localhost, 40423, None)
19/04/26 13:03:03 INFO BlockManager: Initialized BlockManager: BlockManagerId(driver, localhost, 40423, None)
19/04/26 13:03:08 INFO SharedState: loading hive config file: file:/home/samuel/spark/spark-2.4.0-bin-hadoop2.7/conf/hive-site.xml
19/04/26 13:03:08 INFO SharedState: Setting hive.metastore.warehouse.dir ('null') to the value of spark.sql.warehouse.dir ('file:/home/samuel/Pesquisa/hail.comparison/spark-warehouse').
19/04/26 13:03:08 INFO SharedState: Warehouse path is 'file:/home/samuel/Pesquisa/hail.comparison/spark-warehouse'.
19/04/26 13:03:09 INFO StateStoreCoordinatorRef: Registered StateStoreCoordinator endpoint
19/04/26 13:03:10 INFO HiveUtils: Initializing HiveMetastoreConnection version 1.2.1 using Spark classes.
19/04/26 13:03:11 INFO HiveMetaStore: 0: Opening raw store with implemenation class:org.apache.hadoop.hive.metastore.ObjectStore
19/04/26 13:03:11 INFO ObjectStore: ObjectStore, initialize called
19/04/26 13:03:11 INFO Persistence: Property hive.metastore.integral.jdo.pushdown unknown - will be ignored
19/04/26 13:03:11 INFO Persistence: Property datanucleus.cache.level2 unknown - will be ignored
19/04/26 13:03:13 INFO ObjectStore: Setting MetaStore object pin classes with hive.metastore.cache.pinobjtypes="Table,StorageDescriptor,SerDeInfo,Partition,Database,Type,FieldSchema,Order"
19/04/26 13:03:14 INFO Datastore: The class "org.apache.hadoop.hive.metastore.model.MFieldSchema" is tagged as "embedded-only" so does not have its own datastore table.
19/04/26 13:03:14 INFO Datastore: The class "org.apache.hadoop.hive.metastore.model.MOrder" is tagged as "embedded-only" so does not have its own datastore table.
19/04/26 13:03:15 INFO Datastore: The class "org.apache.hadoop.hive.metastore.model.MFieldSchema" is tagged as "embedded-only" so does not have its own datastore table.
19/04/26 13:03:15 INFO Datastore: The class "org.apache.hadoop.hive.metastore.model.MOrder" is tagged as "embedded-only" so does not have its own datastore table.
19/04/26 13:03:15 INFO MetaStoreDirectSql: Using direct SQL, underlying DB is DERBY
19/04/26 13:03:15 INFO ObjectStore: Initialized ObjectStore
19/04/26 13:03:15 WARN ObjectStore: Version information not found in metastore. hive.metastore.schema.verification is not enabled so recording the schema version 1.2.0
19/04/26 13:03:15 WARN ObjectStore: Failed to get database default, returning NoSuchObjectException
19/04/26 13:03:15 INFO HiveMetaStore: Added admin role in metastore
19/04/26 13:03:15 INFO HiveMetaStore: Added public role in metastore
19/04/26 13:03:15 INFO HiveMetaStore: No user is added in admin role, since config is empty
19/04/26 13:03:15 INFO HiveMetaStore: 0: get_all_databases
19/04/26 13:03:15 INFO audit: ugi=samuel	ip=unknown-ip-addr	cmd=get_all_databases	
19/04/26 13:03:15 INFO HiveMetaStore: 0: get_functions: db=default pat=*
19/04/26 13:03:15 INFO audit: ugi=samuel	ip=unknown-ip-addr	cmd=get_functions: db=default pat=*	
19/04/26 13:03:15 INFO Datastore: The class "org.apache.hadoop.hive.metastore.model.MResourceUri" is tagged as "embedded-only" so does not have its own datastore table.
19/04/26 13:03:15 INFO SessionState: Created local directory: /tmp/2ec9e0ec-354d-4ebf-bd4a-540370234a0e_resources
19/04/26 13:03:15 INFO SessionState: Created HDFS directory: /tmp/hive/samuel/2ec9e0ec-354d-4ebf-bd4a-540370234a0e
19/04/26 13:03:15 INFO SessionState: Created local directory: /tmp/samuel/2ec9e0ec-354d-4ebf-bd4a-540370234a0e
19/04/26 13:03:15 INFO SessionState: Created HDFS directory: /tmp/hive/samuel/2ec9e0ec-354d-4ebf-bd4a-540370234a0e/_tmp_space.db
19/04/26 13:03:15 INFO HiveClientImpl: Warehouse location for Hive client (version 1.2.2) is file:/home/samuel/Pesquisa/hail.comparison/spark-warehouse
19/04/26 13:03:15 INFO HiveMetaStore: 0: get_database: default
19/04/26 13:03:15 INFO audit: ugi=samuel	ip=unknown-ip-addr	cmd=get_database: default	
19/04/26 13:03:16 INFO HiveMetaStore: 0: get_database: global_temp
19/04/26 13:03:16 INFO audit: ugi=samuel	ip=unknown-ip-addr	cmd=get_database: global_temp	
19/04/26 13:03:16 WARN ObjectStore: Failed to get database global_temp, returning NoSuchObjectException
19/04/26 13:03:16 INFO HiveMetaStore: 0: get_database: default
19/04/26 13:03:16 INFO audit: ugi=samuel	ip=unknown-ip-addr	cmd=get_database: default	
19/04/26 13:03:16 INFO HiveMetaStore: 0: get_database: default
19/04/26 13:03:16 INFO audit: ugi=samuel	ip=unknown-ip-addr	cmd=get_database: default	
19/04/26 13:03:16 INFO HiveMetaStore: 0: get_tables: db=default pat=*
19/04/26 13:03:16 INFO audit: ugi=samuel	ip=unknown-ip-addr	cmd=get_tables: db=default pat=*	
19/04/26 13:03:17 INFO CodeGenerator: Code generated in 171.609785 ms
